[2023-03-09 07:27:54,961] {taskinstance.py:896} INFO - Dependencies all met for <TaskInstance: booking_ingestion.load_data 2023-03-08T07:26:54.293429+00:00 [queued]>
[2023-03-09 07:27:55,014] {taskinstance.py:896} INFO - Dependencies all met for <TaskInstance: booking_ingestion.load_data 2023-03-08T07:26:54.293429+00:00 [queued]>
[2023-03-09 07:27:55,015] {taskinstance.py:1087} INFO - 
--------------------------------------------------------------------------------
[2023-03-09 07:27:55,016] {taskinstance.py:1088} INFO - Starting attempt 1 of 1
[2023-03-09 07:27:55,017] {taskinstance.py:1089} INFO - 
--------------------------------------------------------------------------------
[2023-03-09 07:27:55,064] {taskinstance.py:1107} INFO - Executing <Task(PythonOperator): load_data> on 2023-03-08T07:26:54.293429+00:00
[2023-03-09 07:27:55,071] {standard_task_runner.py:52} INFO - Started process 90 to run task
[2023-03-09 07:27:55,085] {standard_task_runner.py:76} INFO - Running: ['airflow', 'tasks', 'run', 'booking_ingestion', 'load_data', '2023-03-08T07:26:54.293429+00:00', '--job-id', '5', '--pool', 'default_pool', '--raw', '--subdir', 'DAGS_FOLDER/data_ingestion_dag/main.py', '--cfg-path', '/tmp/tmpgzhy_ajm', '--error-file', '/tmp/tmpt0a_axze']
[2023-03-09 07:27:55,087] {standard_task_runner.py:77} INFO - Job 5: Subtask load_data
[2023-03-09 07:27:55,185] {logging_mixin.py:104} INFO - Running <TaskInstance: booking_ingestion.load_data 2023-03-08T07:26:54.293429+00:00 [running]> on host 21ea6a7c1616
[2023-03-09 07:27:55,305] {taskinstance.py:1300} INFO - Exporting the following env vars:
AIRFLOW_CTX_DAG_OWNER=airflow
AIRFLOW_CTX_DAG_ID=booking_ingestion
AIRFLOW_CTX_TASK_ID=load_data
AIRFLOW_CTX_EXECUTION_DATE=2023-03-08T07:26:54.293429+00:00
AIRFLOW_CTX_DAG_RUN_ID=scheduled__2023-03-08T07:26:54.293429+00:00
[2023-03-09 07:27:55,417] {python.py:151} INFO - Done. Returned value was: None
[2023-03-09 07:27:55,434] {taskinstance.py:1204} INFO - Marking task as SUCCESS. dag_id=booking_ingestion, task_id=load_data, execution_date=20230308T072654, start_date=20230309T072754, end_date=20230309T072755
[2023-03-09 07:27:55,513] {taskinstance.py:1265} INFO - 0 downstream tasks scheduled from follow-on schedule check
[2023-03-09 07:27:55,537] {local_task_job.py:151} INFO - Task exited with return code 0
