[2023-03-09 07:27:30,983] {taskinstance.py:896} INFO - Dependencies all met for <TaskInstance: booking_ingestion.transform_data 2023-03-08T07:26:54.293429+00:00 [queued]>
[2023-03-09 07:27:31,032] {taskinstance.py:896} INFO - Dependencies all met for <TaskInstance: booking_ingestion.transform_data 2023-03-08T07:26:54.293429+00:00 [queued]>
[2023-03-09 07:27:31,032] {taskinstance.py:1087} INFO - 
--------------------------------------------------------------------------------
[2023-03-09 07:27:31,033] {taskinstance.py:1088} INFO - Starting attempt 1 of 1
[2023-03-09 07:27:31,034] {taskinstance.py:1089} INFO - 
--------------------------------------------------------------------------------
[2023-03-09 07:27:31,072] {taskinstance.py:1107} INFO - Executing <Task(PythonOperator): transform_data> on 2023-03-08T07:26:54.293429+00:00
[2023-03-09 07:27:31,078] {standard_task_runner.py:52} INFO - Started process 69 to run task
[2023-03-09 07:27:31,091] {standard_task_runner.py:76} INFO - Running: ['airflow', 'tasks', 'run', 'booking_ingestion', 'transform_data', '2023-03-08T07:26:54.293429+00:00', '--job-id', '3', '--pool', 'default_pool', '--raw', '--subdir', 'DAGS_FOLDER/data_ingestion_dag/main.py', '--cfg-path', '/tmp/tmp3pu2mv2a', '--error-file', '/tmp/tmp1k3m8uug']
[2023-03-09 07:27:31,093] {standard_task_runner.py:77} INFO - Job 3: Subtask transform_data
[2023-03-09 07:27:31,190] {logging_mixin.py:104} INFO - Running <TaskInstance: booking_ingestion.transform_data 2023-03-08T07:26:54.293429+00:00 [running]> on host 21ea6a7c1616
[2023-03-09 07:27:31,333] {taskinstance.py:1300} INFO - Exporting the following env vars:
AIRFLOW_CTX_DAG_OWNER=airflow
AIRFLOW_CTX_DAG_ID=booking_ingestion
AIRFLOW_CTX_TASK_ID=transform_data
AIRFLOW_CTX_EXECUTION_DATE=2023-03-08T07:26:54.293429+00:00
AIRFLOW_CTX_DAG_RUN_ID=scheduled__2023-03-08T07:26:54.293429+00:00
[2023-03-09 07:27:31,561] {python.py:151} INFO - Done. Returned value was: None
[2023-03-09 07:27:31,578] {taskinstance.py:1204} INFO - Marking task as SUCCESS. dag_id=booking_ingestion, task_id=transform_data, execution_date=20230308T072654, start_date=20230309T072730, end_date=20230309T072731
[2023-03-09 07:27:31,684] {taskinstance.py:1265} INFO - 1 downstream tasks scheduled from follow-on schedule check
[2023-03-09 07:27:31,704] {local_task_job.py:151} INFO - Task exited with return code 0
