[2023-03-09 07:27:44,067] {taskinstance.py:896} INFO - Dependencies all met for <TaskInstance: booking_ingestion.transform_data 2023-03-09T07:27:22.660060+00:00 [queued]>
[2023-03-09 07:27:44,115] {taskinstance.py:896} INFO - Dependencies all met for <TaskInstance: booking_ingestion.transform_data 2023-03-09T07:27:22.660060+00:00 [queued]>
[2023-03-09 07:27:44,116] {taskinstance.py:1087} INFO - 
--------------------------------------------------------------------------------
[2023-03-09 07:27:44,117] {taskinstance.py:1088} INFO - Starting attempt 1 of 1
[2023-03-09 07:27:44,117] {taskinstance.py:1089} INFO - 
--------------------------------------------------------------------------------
[2023-03-09 07:27:44,168] {taskinstance.py:1107} INFO - Executing <Task(PythonOperator): transform_data> on 2023-03-09T07:27:22.660060+00:00
[2023-03-09 07:27:44,174] {standard_task_runner.py:52} INFO - Started process 81 to run task
[2023-03-09 07:27:44,196] {standard_task_runner.py:76} INFO - Running: ['airflow', 'tasks', 'run', 'booking_ingestion', 'transform_data', '2023-03-09T07:27:22.660060+00:00', '--job-id', '4', '--pool', 'default_pool', '--raw', '--subdir', 'DAGS_FOLDER/data_ingestion_dag/main.py', '--cfg-path', '/tmp/tmpqm8rjrfc', '--error-file', '/tmp/tmp5vkgzv1q']
[2023-03-09 07:27:44,198] {standard_task_runner.py:77} INFO - Job 4: Subtask transform_data
[2023-03-09 07:27:44,296] {logging_mixin.py:104} INFO - Running <TaskInstance: booking_ingestion.transform_data 2023-03-09T07:27:22.660060+00:00 [running]> on host 21ea6a7c1616
[2023-03-09 07:27:44,425] {taskinstance.py:1300} INFO - Exporting the following env vars:
AIRFLOW_CTX_DAG_OWNER=airflow
AIRFLOW_CTX_DAG_ID=booking_ingestion
AIRFLOW_CTX_TASK_ID=transform_data
AIRFLOW_CTX_EXECUTION_DATE=2023-03-09T07:27:22.660060+00:00
AIRFLOW_CTX_DAG_RUN_ID=manual__2023-03-09T07:27:22.660060+00:00
[2023-03-09 07:27:44,621] {python.py:151} INFO - Done. Returned value was: None
[2023-03-09 07:27:44,638] {taskinstance.py:1204} INFO - Marking task as SUCCESS. dag_id=booking_ingestion, task_id=transform_data, execution_date=20230309T072722, start_date=20230309T072744, end_date=20230309T072744
[2023-03-09 07:27:44,738] {taskinstance.py:1265} INFO - 1 downstream tasks scheduled from follow-on schedule check
[2023-03-09 07:27:44,776] {local_task_job.py:151} INFO - Task exited with return code 0
