[2023-03-09 07:28:06,247] {taskinstance.py:896} INFO - Dependencies all met for <TaskInstance: booking_ingestion.load_data 2023-03-09T07:27:22.660060+00:00 [queued]>
[2023-03-09 07:28:06,278] {taskinstance.py:896} INFO - Dependencies all met for <TaskInstance: booking_ingestion.load_data 2023-03-09T07:27:22.660060+00:00 [queued]>
[2023-03-09 07:28:06,280] {taskinstance.py:1087} INFO - 
--------------------------------------------------------------------------------
[2023-03-09 07:28:06,281] {taskinstance.py:1088} INFO - Starting attempt 1 of 1
[2023-03-09 07:28:06,282] {taskinstance.py:1089} INFO - 
--------------------------------------------------------------------------------
[2023-03-09 07:28:06,339] {taskinstance.py:1107} INFO - Executing <Task(PythonOperator): load_data> on 2023-03-09T07:27:22.660060+00:00
[2023-03-09 07:28:06,347] {standard_task_runner.py:52} INFO - Started process 99 to run task
[2023-03-09 07:28:06,362] {standard_task_runner.py:76} INFO - Running: ['airflow', 'tasks', 'run', 'booking_ingestion', 'load_data', '2023-03-09T07:27:22.660060+00:00', '--job-id', '6', '--pool', 'default_pool', '--raw', '--subdir', 'DAGS_FOLDER/data_ingestion_dag/main.py', '--cfg-path', '/tmp/tmp05uxby4d', '--error-file', '/tmp/tmpb5vl6lla']
[2023-03-09 07:28:06,364] {standard_task_runner.py:77} INFO - Job 6: Subtask load_data
[2023-03-09 07:28:06,486] {logging_mixin.py:104} INFO - Running <TaskInstance: booking_ingestion.load_data 2023-03-09T07:27:22.660060+00:00 [running]> on host 21ea6a7c1616
[2023-03-09 07:28:06,630] {taskinstance.py:1300} INFO - Exporting the following env vars:
AIRFLOW_CTX_DAG_OWNER=airflow
AIRFLOW_CTX_DAG_ID=booking_ingestion
AIRFLOW_CTX_TASK_ID=load_data
AIRFLOW_CTX_EXECUTION_DATE=2023-03-09T07:27:22.660060+00:00
AIRFLOW_CTX_DAG_RUN_ID=manual__2023-03-09T07:27:22.660060+00:00
[2023-03-09 07:28:06,741] {python.py:151} INFO - Done. Returned value was: None
[2023-03-09 07:28:06,758] {taskinstance.py:1204} INFO - Marking task as SUCCESS. dag_id=booking_ingestion, task_id=load_data, execution_date=20230309T072722, start_date=20230309T072806, end_date=20230309T072806
[2023-03-09 07:28:06,848] {taskinstance.py:1265} INFO - 0 downstream tasks scheduled from follow-on schedule check
[2023-03-09 07:28:06,900] {local_task_job.py:151} INFO - Task exited with return code 0
